Thu 21 Mar 2024 08:11:20 PM UTC: 
 exercises.c | 5 +++++
 1 file changed, 5 insertions(+)
 tests:  1|4
total_score: 10/70
e6dc9c2
Thu 21 Mar 2024 08:13:11 PM UTC: 
 exercises.c | 8 +++++++-
 1 file changed, 7 insertions(+), 1 deletion(-)
In file included from test.c:5:
exercises.c: In function ‘sumaLista’:
exercises.c:61:18: error: initialization of ‘int’ from ‘void *’ makes integer from pointer without a cast [-Werror=int-conversion]
   61 |   int elemento = first(L);
      |                  ^~~~~
exercises.c:62:19: error: comparison between pointer and integer [-Werror]
   62 |   while (elemento != NULL){
      |                   ^~
exercises.c:63:13: error: invalid type argument of unary ‘*’ (have ‘int’)
   63 |     suma += *elemento;
      |             ^~~~~~~~~
exercises.c:64:14: error: assignment to ‘int’ from ‘void *’ makes integer from pointer without a cast [-Werror=int-conversion]
   64 |     elemento = next(L);
      |              ^
cc1: all warnings being treated as errors
Compilation failed
aeae83e
Thu 21 Mar 2024 08:13:32 PM UTC: 
 exercises.c | 4 ++--
 1 file changed, 2 insertions(+), 2 deletions(-)
In file included from test.c:5:
exercises.c: In function ‘sumaLista’:
exercises.c:64:15: error: assignment to ‘int’ from ‘void *’ makes integer from pointer without a cast [-Werror=int-conversion]
   64 |     *elemento = next(L);
      |               ^
cc1: all warnings being treated as errors
Compilation failed
d9f8b34
Thu 21 Mar 2024 08:13:43 PM UTC: 
 exercises.c | 2 +-
 1 file changed, 1 insertion(+), 1 deletion(-)
 tests:  2|3
total_score: 20/70
b7f2369
Thu 21 Mar 2024 08:15:28 PM UTC: 
 exercises.c | 7 ++++++-
 1 file changed, 6 insertions(+), 1 deletion(-)
In file included from test.c:5:
exercises.c: In function ‘eliminaElementos’:
exercises.c:82:7: error: implicit declaration of function ‘popcurrent’; did you mean ‘popCurrent’? [-Werror=implicit-function-declaration]
   82 |       popcurrent(L);
      |       ^~~~~~~~~~
      |       popCurrent
cc1: all warnings being treated as errors
Compilation failed
3de4241
Thu 21 Mar 2024 08:16:24 PM UTC: 
 exercises.c | 6 ------
 1 file changed, 6 deletions(-)
 tests:  2|3
total_score: 20/70
7d066be
Thu 21 Mar 2024 08:18:20 PM UTC: 
 exercises.c | 7 +++++++
 1 file changed, 7 insertions(+)
 tests:  3|2
total_score: 40/70
6f39858
